Determining if the pthread_create exist failed with the following output:
Change Dir: /home/i20/Projects/facerec/facerec/examples/build_kdev/CMakeFiles/CMakeTmp

Run Build Command:"/usr/bin/make" "cmTC_b85ca/fast"
/usr/bin/make -f CMakeFiles/cmTC_b85ca.dir/build.make CMakeFiles/cmTC_b85ca.dir/build
make[1]: Entering directory '/home/i20/Projects/facerec/facerec/examples/build_kdev/CMakeFiles/CMakeTmp'
Building C object CMakeFiles/cmTC_b85ca.dir/CheckSymbolExists.c.o
/usr/bin/cc     -o CMakeFiles/cmTC_b85ca.dir/CheckSymbolExists.c.o   -c /home/i20/Projects/facerec/facerec/examples/build_kdev/CMakeFiles/CMakeTmp/CheckSymbolExists.c
Linking C executable cmTC_b85ca
/usr/bin/cmake -E cmake_link_script CMakeFiles/cmTC_b85ca.dir/link.txt --verbose=1
/usr/bin/cc       CMakeFiles/cmTC_b85ca.dir/CheckSymbolExists.c.o  -o cmTC_b85ca -rdynamic 
CMakeFiles/cmTC_b85ca.dir/CheckSymbolExists.c.o: In function `main':
CheckSymbolExists.c:(.text+0x16): undefined reference to `pthread_create'
collect2: error: ld returned 1 exit status
CMakeFiles/cmTC_b85ca.dir/build.make:97: recipe for target 'cmTC_b85ca' failed
make[1]: *** [cmTC_b85ca] Error 1
make[1]: Leaving directory '/home/i20/Projects/facerec/facerec/examples/build_kdev/CMakeFiles/CMakeTmp'
Makefile:126: recipe for target 'cmTC_b85ca/fast' failed
make: *** [cmTC_b85ca/fast] Error 2

File /home/i20/Projects/facerec/facerec/examples/build_kdev/CMakeFiles/CMakeTmp/CheckSymbolExists.c:
/* */
#include <pthread.h>

int main(int argc, char** argv)
{
  (void)argv;
#ifndef pthread_create
  return ((int*)(&pthread_create))[argc];
#else
  (void)argc;
  return 0;
#endif
}

Determining if the function pthread_create exists in the pthreads failed with the following output:
Change Dir: /home/i20/Projects/facerec/facerec/examples/build_kdev/CMakeFiles/CMakeTmp

Run Build Command:"/usr/bin/make" "cmTC_817ca/fast"
/usr/bin/make -f CMakeFiles/cmTC_817ca.dir/build.make CMakeFiles/cmTC_817ca.dir/build
make[1]: Entering directory '/home/i20/Projects/facerec/facerec/examples/build_kdev/CMakeFiles/CMakeTmp'
Building C object CMakeFiles/cmTC_817ca.dir/CheckFunctionExists.c.o
/usr/bin/cc    -DCHECK_FUNCTION_EXISTS=pthread_create   -o CMakeFiles/cmTC_817ca.dir/CheckFunctionExists.c.o   -c /usr/share/cmake-3.5/Modules/CheckFunctionExists.c
Linking C executable cmTC_817ca
/usr/bin/cmake -E cmake_link_script CMakeFiles/cmTC_817ca.dir/link.txt --verbose=1
/usr/bin/cc   -DCHECK_FUNCTION_EXISTS=pthread_create    CMakeFiles/cmTC_817ca.dir/CheckFunctionExists.c.o  -o cmTC_817ca -rdynamic -lpthreads 
/usr/bin/ld: cannot find -lpthreads
collect2: error: ld returned 1 exit status
CMakeFiles/cmTC_817ca.dir/build.make:97: recipe for target 'cmTC_817ca' failed
make[1]: *** [cmTC_817ca] Error 1
make[1]: Leaving directory '/home/i20/Projects/facerec/facerec/examples/build_kdev/CMakeFiles/CMakeTmp'
Makefile:126: recipe for target 'cmTC_817ca/fast' failed
make: *** [cmTC_817ca/fast] Error 2


